.
..
NetworkManager
X11
acpi
alternatives
apm
apparmor
apparmor.d
apport
apt
bash_completion.d
binfmt.d
byobu
ca-certificates
calendar
cloud
console-setup
cron.d
cron.daily
cron.hourly
cron.monthly
cron.weekly
cryptsetup-initramfs
dbus-1
default
depmod.d
dhcp
dnsmasq.d
dnsmasq.d-available
dpkg
fonts
groff
gss
init.d
initramfs-tools
iproute2
iscsi
kernel
landscape
ld.so.conf.d
ldap
logcheck
logrotate.d
lvm
mdadm
modprobe.d
modules-load.d
netplan
network
networkd-dispatcher
newt
opt
pam.d
perl
pm
polkit-1
pollinate
profile.d
python3
python3.6
rc0.d
rc1.d
rc2.d
rc3.d
rc4.d
rc5.d
rc6.d
rcS.d
rsyslog.d
security
selinux
skel
ssh
ssl
sudoers.d
sysctl.d
systemd
terminfo
tmpfiles.d
udev
ufw
update-manager
update-motd.d
update-notifier
vim
vmware-tools
xdg
zsh
